TN:
SF:/Users/joani/Documents/Dev/xxi-svg-map/lib/xxi-svg-map.js
FN:1,webpackUniversalModuleDefinition
FN:10,(anonymous_4)
FN:11,(anonymous_5)
FN:11,__webpack_require__
FN:55,(anonymous_7)
FN:63,(anonymous_8)
FN:63,defineProperties
FN:63,(anonymous_10)
FN:65,_classCallCheck
FN:67,(anonymous_12)
FN:68,SVGMap
FN:74,get
FNF:12
FNH:12
FNDA:1,webpackUniversalModuleDefinition
FNDA:1,(anonymous_4)
FNDA:1,(anonymous_5)
FNDA:1,__webpack_require__
FNDA:1,(anonymous_7)
FNDA:1,(anonymous_8)
FNDA:1,defineProperties
FNDA:1,(anonymous_10)
FNDA:1,_classCallCheck
FNDA:1,(anonymous_12)
FNDA:1,SVGMap
FNDA:1,get
DA:1,1
DA:2,1
DA:3,1
DA:4,0
DA:5,0
DA:6,0
DA:7,0
DA:9,0
DA:11,1
DA:13,1
DA:16,1
DA:19,1
DA:20,0
DA:59,1
DA:63,2
DA:65,1
DA:67,1
DA:69,1
DA:72,1
DA:75,1
DA:79,1
DA:82,1
DA:83,1
LF:23
LH:17
BRDA:2,1,0,1
BRDA:2,1,1,0
BRDA:2,2,0,1
BRDA:2,2,1,1
BRDA:2,3,0,0
BRDA:2,3,1,1
BRDA:2,4,0,0
BRDA:2,4,1,1
BRDA:4,5,0,0
BRDA:4,5,1,0
BRDA:4,6,0,0
BRDA:4,6,1,0
BRDA:6,7,0,0
BRDA:6,7,1,0
BRDA:6,8,0,0
BRDA:6,8,1,0
BRDA:19,9,0,0
BRDA:19,9,1,1
BRDA:63,10,0,1
BRDA:63,10,1,1
BRDA:63,11,0,0
BRDA:63,11,1,1
BRDA:63,12,0,1
BRDA:63,12,1,0
BRDA:63,13,0,0
BRDA:63,13,1,1
BRDA:65,14,0,0
BRDA:65,14,1,1
BRF:28
BRH:12
end_of_record
